Job 1 (5592443_1): Starting evaluation
Using model: meta-llama/Llama-3.1-8B-Instruct
Model cache directory: /mnt/parscratch/users/acr24wz/etu/llama3/llama-3.1-8b-instruct
Dataset: rmanluo/RoG-cwq
Output will be saved to: ./results/rog_cwq_results_Llama-3.1-8B-Instruct.json
2025-03-07 15:34:19,959 - INFO - Using device: cuda
2025-03-07 15:34:19,959 - INFO - Loading dataset from Hugging Face: rmanluo/RoG-cwq
2025-03-07 15:34:28,517 - INFO - Test set loaded with 3531 examples
2025-03-07 15:34:28,519 - INFO - Downloading model from HuggingFace: meta-llama/Llama-3.1-8B-Instruct
Traceback (most recent call last):
  File "/users/acr24wz/.local/lib/python3.11/site-packages/huggingface_hub/utils/_http.py", line 409, in hf_raise_for_status
    response.raise_for_status()
  File "/users/acr24wz/.local/lib/python3.11/site-packages/requests/models.py", line 1024, in raise_for_status
    raise HTTPError(http_error_msg, response=self)
requests.exceptions.HTTPError: 401 Client Error: Unauthorized for url: https://huggingface.co/meta-llama/Llama-3.1-8B-Instruct/resolve/main/config.json

The above exception was the direct cause of the following exception:

Traceback (most recent call last):
  File "/users/acr24wz/.local/lib/python3.11/site-packages/transformers/utils/hub.py", line 342, in cached_file
    resolved_file = hf_hub_download(
                    ^^^^^^^^^^^^^^^^
  File "/users/acr24wz/.local/lib/python3.11/site-packages/huggingface_hub/utils/_validators.py", line 114, in _inner_fn
    return fn(*args, **kwargs)
           ^^^^^^^^^^^^^^^^^^^
  File "/users/acr24wz/.local/lib/python3.11/site-packages/huggingface_hub/file_download.py", line 862, in hf_hub_download
    return _hf_hub_download_to_cache_dir(
           ^^^^^^^^^^^^^^^^^^^^^^^^^^^^^^
  File "/users/acr24wz/.local/lib/python3.11/site-packages/huggingface_hub/file_download.py", line 969, in _hf_hub_download_to_cache_dir
    _raise_on_head_call_error(head_call_error, force_download, local_files_only)
  File "/users/acr24wz/.local/lib/python3.11/site-packages/huggingface_hub/file_download.py", line 1486, in _raise_on_head_call_error
    raise head_call_error
  File "/users/acr24wz/.local/lib/python3.11/site-packages/huggingface_hub/file_download.py", line 1376, in _get_metadata_or_catch_error
    metadata = get_hf_file_metadata(
               ^^^^^^^^^^^^^^^^^^^^^
  File "/users/acr24wz/.local/lib/python3.11/site-packages/huggingface_hub/utils/_validators.py", line 114, in _inner_fn
    return fn(*args, **kwargs)
           ^^^^^^^^^^^^^^^^^^^
  File "/users/acr24wz/.local/lib/python3.11/site-packages/huggingface_hub/file_download.py", line 1296, in get_hf_file_metadata
    r = _request_wrapper(
        ^^^^^^^^^^^^^^^^^
  File "/users/acr24wz/.local/lib/python3.11/site-packages/huggingface_hub/file_download.py", line 280, in _request_wrapper
    response = _request_wrapper(
               ^^^^^^^^^^^^^^^^^
  File "/users/acr24wz/.local/lib/python3.11/site-packages/huggingface_hub/file_download.py", line 304, in _request_wrapper
    hf_raise_for_status(response)
  File "/users/acr24wz/.local/lib/python3.11/site-packages/huggingface_hub/utils/_http.py", line 426, in hf_raise_for_status
    raise _format(GatedRepoError, message, response) from e
huggingface_hub.errors.GatedRepoError: 401 Client Error. (Request ID: Root=1-67cb1204-76eaf36374c53d7e572a7df1;7f928876-b58c-4575-a76c-e63a87a0c626)

Cannot access gated repo for url https://huggingface.co/meta-llama/Llama-3.1-8B-Instruct/resolve/main/config.json.
Access to model meta-llama/Llama-3.1-8B-Instruct is restricted. You must have access to it and be authenticated to access it. Please log in.

The above exception was the direct cause of the following exception:

Traceback (most recent call last):
  File "/mnt/parscratch/users/acr24wz/ETU/kg_or_not_kg/llm_zero_shot.py", line 298, in <module>
    main()
  File "/mnt/parscratch/users/acr24wz/ETU/kg_or_not_kg/llm_zero_shot.py", line 163, in main
    model, tokenizer = load_model_and_tokenizer(args.model_name, args.model_path)
                       ^^^^^^^^^^^^^^^^^^^^^^^^^^^^^^^^^^^^^^^^^^^^^^^^^^^^^^^^^^
  File "/mnt/parscratch/users/acr24wz/ETU/kg_or_not_kg/llm_zero_shot.py", line 46, in load_model_and_tokenizer
    model = AutoModelForCausalLM.from_pretrained(
            ^^^^^^^^^^^^^^^^^^^^^^^^^^^^^^^^^^^^^
  File "/users/acr24wz/.local/lib/python3.11/site-packages/transformers/models/auto/auto_factory.py", line 526, in from_pretrained
    config, kwargs = AutoConfig.from_pretrained(
                     ^^^^^^^^^^^^^^^^^^^^^^^^^^^
  File "/users/acr24wz/.local/lib/python3.11/site-packages/transformers/models/auto/configuration_auto.py", line 1075, in from_pretrained
    config_dict, unused_kwargs = PretrainedConfig.get_config_dict(pretrained_model_name_or_path, **kwargs)
                                 ^^^^^^^^^^^^^^^^^^^^^^^^^^^^^^^^^^^^^^^^^^^^^^^^^^^^^^^^^^^^^^^^^^^^^^^^^
  File "/users/acr24wz/.local/lib/python3.11/site-packages/transformers/configuration_utils.py", line 594, in get_config_dict
    config_dict, kwargs = cls._get_config_dict(pretrained_model_name_or_path, **kwargs)
                          ^^^^^^^^^^^^^^^^^^^^^^^^^^^^^^^^^^^^^^^^^^^^^^^^^^^^^^^^^^^^^
  File "/users/acr24wz/.local/lib/python3.11/site-packages/transformers/configuration_utils.py", line 653, in _get_config_dict
    resolved_config_file = cached_file(
                           ^^^^^^^^^^^^
  File "/users/acr24wz/.local/lib/python3.11/site-packages/transformers/utils/hub.py", line 360, in cached_file
    raise EnvironmentError(
OSError: You are trying to access a gated repo.
Make sure to have access to it at https://huggingface.co/meta-llama/Llama-3.1-8B-Instruct.
401 Client Error. (Request ID: Root=1-67cb1204-76eaf36374c53d7e572a7df1;7f928876-b58c-4575-a76c-e63a87a0c626)

Cannot access gated repo for url https://huggingface.co/meta-llama/Llama-3.1-8B-Instruct/resolve/main/config.json.
Access to model meta-llama/Llama-3.1-8B-Instruct is restricted. You must have access to it and be authenticated to access it. Please log in.
Job 1 completed
